{"total": {"lines":{"total":2352,"covered":2188,"skipped":0,"pct":93.02},"statements":{"total":2474,"covered":2277,"skipped":0,"pct":92.03},"functions":{"total":605,"covered":569,"skipped":0,"pct":94.04},"branches":{"total":1689,"covered":1345,"skipped":0,"pct":79.63},"branchesTrue":{"total":0,"covered":0,"skipped":0,"pct":100}}
,"/app/src/app/diaper/components/diaper-form.tsx": {"lines":{"total":57,"covered":45,"skipped":0,"pct":78.94},"functions":{"total":18,"covered":14,"skipped":0,"pct":77.77},"statements":{"total":57,"covered":45,"skipped":0,"pct":78.94},"branches":{"total":75,"covered":58,"skipped":0,"pct":77.33}}
,"/app/src/app/diaper/components/diaper-history-list.tsx": {"lines":{"total":26,"covered":25,"skipped":0,"pct":96.15},"functions":{"total":8,"covered":8,"skipped":0,"pct":100},"statements":{"total":26,"covered":25,"skipped":0,"pct":96.15},"branches":{"total":61,"covered":60,"skipped":0,"pct":98.36}}
,"/app/src/app/diaper/utils/get-frecency-sorted-product-ids.ts": {"lines":{"total":24,"covered":24,"skipped":0,"pct":100},"functions":{"total":3,"covered":3,"skipped":0,"pct":100},"statements":{"total":24,"covered":24,"skipped":0,"pct":100},"branches":{"total":21,"covered":20,"skipped":0,"pct":95.23}}
,"/app/src/app/diaper/utils/get-frecency-sorted-products.ts": {"lines":{"total":20,"covered":20,"skipped":0,"pct":100},"functions":{"total":2,"covered":2,"skipped":0,"pct":100},"statements":{"total":21,"covered":20,"skipped":0,"pct":95.23},"branches":{"total":17,"covered":16,"skipped":0,"pct":94.11}}
,"/app/src/app/diaper/utils/is-abnormal-temperature.ts": {"lines":{"total":1,"covered":1,"skipped":0,"pct":100},"functions":{"total":1,"covered":1,"skipped":0,"pct":100},"statements":{"total":1,"covered":1,"skipped":0,"pct":100},"branches":{"total":2,"covered":2,"skipped":0,"pct":100}}
,"/app/src/app/feeding/components/feeding-form.tsx": {"lines":{"total":11,"covered":11,"skipped":0,"pct":100},"functions":{"total":5,"covered":5,"skipped":0,"pct":100},"statements":{"total":12,"covered":12,"skipped":0,"pct":100},"branches":{"total":14,"covered":14,"skipped":0,"pct":100}}
,"/app/src/app/feeding/components/feeding-history-list.tsx": {"lines":{"total":20,"covered":19,"skipped":0,"pct":95},"functions":{"total":7,"covered":7,"skipped":0,"pct":100},"statements":{"total":20,"covered":19,"skipped":0,"pct":95},"branches":{"total":16,"covered":13,"skipped":0,"pct":81.25}}
,"/app/src/app/feeding/hooks/use-next-breast.ts": {"lines":{"total":2,"covered":2,"skipped":0,"pct":100},"functions":{"total":1,"covered":1,"skipped":0,"pct":100},"statements":{"total":2,"covered":2,"skipped":0,"pct":100},"branches":{"total":4,"covered":4,"skipped":0,"pct":100}}
,"/app/src/app/feeding/hooks/use-resumable-session.ts": {"lines":{"total":24,"covered":24,"skipped":0,"pct":100},"functions":{"total":7,"covered":7,"skipped":0,"pct":100},"statements":{"total":27,"covered":27,"skipped":0,"pct":100},"branches":{"total":10,"covered":9,"skipped":0,"pct":90}}
,"/app/src/app/growth/components/growth-form.tsx": {"lines":{"total":37,"covered":37,"skipped":0,"pct":100},"functions":{"total":4,"covered":4,"skipped":0,"pct":100},"statements":{"total":37,"covered":37,"skipped":0,"pct":100},"branches":{"total":60,"covered":48,"skipped":0,"pct":80}}
,"/app/src/app/growth/components/indexed-growth-history-list.tsx": {"lines":{"total":58,"covered":55,"skipped":0,"pct":94.82},"functions":{"total":24,"covered":23,"skipped":0,"pct":95.83},"statements":{"total":61,"covered":56,"skipped":0,"pct":91.8},"branches":{"total":43,"covered":29,"skipped":0,"pct":67.44}}
,"/app/src/app/growth/components/teething-form.tsx": {"lines":{"total":11,"covered":11,"skipped":0,"pct":100},"functions":{"total":5,"covered":5,"skipped":0,"pct":100},"statements":{"total":12,"covered":12,"skipped":0,"pct":100},"branches":{"total":4,"covered":4,"skipped":0,"pct":100}}
,"/app/src/app/growth/components/teething-progress.tsx": {"lines":{"total":26,"covered":26,"skipped":0,"pct":100},"functions":{"total":14,"covered":14,"skipped":0,"pct":100},"statements":{"total":26,"covered":26,"skipped":0,"pct":100},"branches":{"total":12,"covered":12,"skipped":0,"pct":100}}
,"/app/src/app/growth/utils/teething.ts": {"lines":{"total":25,"covered":25,"skipped":0,"pct":100},"functions":{"total":1,"covered":1,"skipped":0,"pct":100},"statements":{"total":25,"covered":25,"skipped":0,"pct":100},"branches":{"total":9,"covered":9,"skipped":0,"pct":100}}
,"/app/src/app/statistics/components/comparison-value.tsx": {"lines":{"total":7,"covered":7,"skipped":0,"pct":100},"functions":{"total":1,"covered":1,"skipped":0,"pct":100},"statements":{"total":9,"covered":9,"skipped":0,"pct":100},"branches":{"total":13,"covered":13,"skipped":0,"pct":100}}
,"/app/src/app/statistics/components/deferred-section.tsx": {"lines":{"total":21,"covered":21,"skipped":0,"pct":100},"functions":{"total":5,"covered":5,"skipped":0,"pct":100},"statements":{"total":23,"covered":21,"skipped":0,"pct":91.3},"branches":{"total":10,"covered":6,"skipped":0,"pct":60}}
,"/app/src/app/statistics/components/diaper-records.tsx": {"lines":{"total":25,"covered":24,"skipped":0,"pct":96},"functions":{"total":7,"covered":7,"skipped":0,"pct":100},"statements":{"total":30,"covered":29,"skipped":0,"pct":96.66},"branches":{"total":24,"covered":23,"skipped":0,"pct":95.83}}
,"/app/src/app/statistics/components/duration-stats.tsx": {"lines":{"total":19,"covered":19,"skipped":0,"pct":100},"functions":{"total":5,"covered":5,"skipped":0,"pct":100},"statements":{"total":22,"covered":22,"skipped":0,"pct":100},"branches":{"total":19,"covered":14,"skipped":0,"pct":73.68}}
,"/app/src/app/statistics/components/feeding-records.tsx": {"lines":{"total":34,"covered":34,"skipped":0,"pct":100},"functions":{"total":8,"covered":8,"skipped":0,"pct":100},"statements":{"total":37,"covered":37,"skipped":0,"pct":100},"branches":{"total":24,"covered":23,"skipped":0,"pct":95.83}}
,"/app/src/app/statistics/components/feedings-per-day-stats.tsx": {"lines":{"total":17,"covered":17,"skipped":0,"pct":100},"functions":{"total":6,"covered":6,"skipped":0,"pct":100},"statements":{"total":20,"covered":19,"skipped":0,"pct":95},"branches":{"total":13,"covered":10,"skipped":0,"pct":76.92}}
,"/app/src/app/statistics/components/growth-chart.tsx": {"lines":{"total":122,"covered":109,"skipped":0,"pct":89.34},"functions":{"total":25,"covered":19,"skipped":0,"pct":76},"statements":{"total":134,"covered":116,"skipped":0,"pct":86.56},"branches":{"total":122,"covered":88,"skipped":0,"pct":72.13}}
,"/app/src/app/statistics/components/heat-map-tooltip.tsx": {"lines":{"total":8,"covered":8,"skipped":0,"pct":100},"functions":{"total":1,"covered":1,"skipped":0,"pct":100},"statements":{"total":8,"covered":8,"skipped":0,"pct":100},"branches":{"total":4,"covered":3,"skipped":0,"pct":75}}
,"/app/src/app/statistics/components/heat-map.tsx": {"lines":{"total":51,"covered":51,"skipped":0,"pct":100},"functions":{"total":12,"covered":12,"skipped":0,"pct":100},"statements":{"total":56,"covered":55,"skipped":0,"pct":98.21},"branches":{"total":38,"covered":33,"skipped":0,"pct":86.84}}
,"/app/src/app/statistics/components/reusable-savings-card.tsx": {"lines":{"total":102,"covered":95,"skipped":0,"pct":93.13},"functions":{"total":23,"covered":23,"skipped":0,"pct":100},"statements":{"total":114,"covered":105,"skipped":0,"pct":92.1},"branches":{"total":78,"covered":56,"skipped":0,"pct":71.79}}
,"/app/src/app/statistics/components/stats-card.tsx": {"lines":{"total":1,"covered":1,"skipped":0,"pct":100},"functions":{"total":1,"covered":1,"skipped":0,"pct":100},"statements":{"total":1,"covered":1,"skipped":0,"pct":100},"branches":{"total":0,"covered":0,"skipped":0,"pct":100}}
,"/app/src/app/statistics/components/time-between-stats.tsx": {"lines":{"total":16,"covered":16,"skipped":0,"pct":100},"functions":{"total":5,"covered":5,"skipped":0,"pct":100},"statements":{"total":20,"covered":20,"skipped":0,"pct":100},"branches":{"total":13,"covered":10,"skipped":0,"pct":76.92}}
,"/app/src/app/statistics/components/total-duration-stats.tsx": {"lines":{"total":7,"covered":6,"skipped":0,"pct":85.71},"functions":{"total":5,"covered":4,"skipped":0,"pct":80},"statements":{"total":9,"covered":8,"skipped":0,"pct":88.88},"branches":{"total":5,"covered":4,"skipped":0,"pct":80}}
,"/app/src/app/statistics/components/total-feedings-stats.tsx": {"lines":{"total":11,"covered":9,"skipped":0,"pct":81.81},"functions":{"total":7,"covered":5,"skipped":0,"pct":71.42},"statements":{"total":14,"covered":12,"skipped":0,"pct":85.71},"branches":{"total":9,"covered":6,"skipped":0,"pct":66.66}}
,"/app/src/app/statistics/components/yearly-activity-heat-map.tsx": {"lines":{"total":50,"covered":47,"skipped":0,"pct":94},"functions":{"total":18,"covered":18,"skipped":0,"pct":100},"statements":{"total":51,"covered":47,"skipped":0,"pct":92.15},"branches":{"total":31,"covered":26,"skipped":0,"pct":83.87}}
,"/app/src/components/delete-entry-dialog.tsx": {"lines":{"total":5,"covered":5,"skipped":0,"pct":100},"functions":{"total":3,"covered":3,"skipped":0,"pct":100},"statements":{"total":5,"covered":5,"skipped":0,"pct":100},"branches":{"total":2,"covered":2,"skipped":0,"pct":100}}
,"/app/src/components/history-entry-card.tsx": {"lines":{"total":2,"covered":2,"skipped":0,"pct":100},"functions":{"total":1,"covered":1,"skipped":0,"pct":100},"statements":{"total":2,"covered":2,"skipped":0,"pct":100},"branches":{"total":6,"covered":5,"skipped":0,"pct":83.33}}
,"/app/src/components/history-filter-indicator.tsx": {"lines":{"total":6,"covered":5,"skipped":0,"pct":83.33},"functions":{"total":1,"covered":1,"skipped":0,"pct":100},"statements":{"total":6,"covered":5,"skipped":0,"pct":83.33},"branches":{"total":9,"covered":8,"skipped":0,"pct":88.88}}
,"/app/src/components/indexed-history-list.tsx": {"lines":{"total":23,"covered":20,"skipped":0,"pct":86.95},"functions":{"total":9,"covered":8,"skipped":0,"pct":88.88},"statements":{"total":24,"covered":21,"skipped":0,"pct":87.5},"branches":{"total":23,"covered":15,"skipped":0,"pct":65.21}}
,"/app/src/components/markdown.tsx": {"lines":{"total":1,"covered":1,"skipped":0,"pct":100},"functions":{"total":1,"covered":1,"skipped":0,"pct":100},"statements":{"total":1,"covered":1,"skipped":0,"pct":100},"branches":{"total":0,"covered":0,"skipped":0,"pct":100}}
,"/app/src/components/product-form.tsx": {"lines":{"total":12,"covered":12,"skipped":0,"pct":100},"functions":{"total":5,"covered":5,"skipped":0,"pct":100},"statements":{"total":12,"covered":12,"skipped":0,"pct":100},"branches":{"total":20,"covered":20,"skipped":0,"pct":100}}
,"/app/src/components/splash-screen.tsx": {"lines":{"total":2,"covered":2,"skipped":0,"pct":100},"functions":{"total":1,"covered":1,"skipped":0,"pct":100},"statements":{"total":2,"covered":2,"skipped":0,"pct":100},"branches":{"total":0,"covered":0,"skipped":0,"pct":100}}
,"/app/src/components/charts/bar-chart.tsx": {"lines":{"total":69,"covered":58,"skipped":0,"pct":84.05},"functions":{"total":12,"covered":11,"skipped":0,"pct":91.66},"statements":{"total":74,"covered":58,"skipped":0,"pct":78.37},"branches":{"total":83,"covered":45,"skipped":0,"pct":54.21}}
,"/app/src/components/charts/line-chart.tsx": {"lines":{"total":99,"covered":78,"skipped":0,"pct":78.78},"functions":{"total":20,"covered":17,"skipped":0,"pct":85},"statements":{"total":103,"covered":81,"skipped":0,"pct":78.64},"branches":{"total":152,"covered":112,"skipped":0,"pct":73.68}}
,"/app/src/components/charts/pie-chart.tsx": {"lines":{"total":41,"covered":33,"skipped":0,"pct":80.48},"functions":{"total":8,"covered":7,"skipped":0,"pct":87.5},"statements":{"total":44,"covered":35,"skipped":0,"pct":79.54},"branches":{"total":41,"covered":25,"skipped":0,"pct":60.97}}
,"/app/src/components/form/date-time-inputs.tsx": {"lines":{"total":5,"covered":5,"skipped":0,"pct":100},"functions":{"total":1,"covered":1,"skipped":0,"pct":100},"statements":{"total":5,"covered":5,"skipped":0,"pct":100},"branches":{"total":14,"covered":11,"skipped":0,"pct":78.57}}
,"/app/src/components/form/entity-form-dialog.tsx": {"lines":{"total":5,"covered":4,"skipped":0,"pct":80},"functions":{"total":4,"covered":3,"skipped":0,"pct":75},"statements":{"total":5,"covered":4,"skipped":0,"pct":80},"branches":{"total":4,"covered":2,"skipped":0,"pct":50}}
,"/app/src/components/root-layout/diaper-stats.tsx": {"lines":{"total":2,"covered":2,"skipped":0,"pct":100},"functions":{"total":1,"covered":1,"skipped":0,"pct":100},"statements":{"total":2,"covered":2,"skipped":0,"pct":100},"branches":{"total":0,"covered":0,"skipped":0,"pct":100}}
,"/app/src/components/root-layout/header-indicator.tsx": {"lines":{"total":1,"covered":1,"skipped":0,"pct":100},"functions":{"total":1,"covered":1,"skipped":0,"pct":100},"statements":{"total":1,"covered":1,"skipped":0,"pct":100},"branches":{"total":0,"covered":0,"skipped":0,"pct":100}}
,"/app/src/constants/colors.ts": {"lines":{"total":2,"covered":2,"skipped":0,"pct":100},"functions":{"total":0,"covered":0,"skipped":0,"pct":100},"statements":{"total":2,"covered":2,"skipped":0,"pct":100},"branches":{"total":0,"covered":0,"skipped":0,"pct":100}}
,"/app/src/contexts/data-synchronization-context.tsx": {"lines":{"total":31,"covered":29,"skipped":0,"pct":93.54},"functions":{"total":9,"covered":5,"skipped":0,"pct":55.55},"statements":{"total":31,"covered":29,"skipped":0,"pct":93.54},"branches":{"total":11,"covered":11,"skipped":0,"pct":100}}
,"/app/src/contexts/i18n-context.tsx": {"lines":{"total":15,"covered":13,"skipped":0,"pct":86.66},"functions":{"total":5,"covered":4,"skipped":0,"pct":80},"statements":{"total":15,"covered":13,"skipped":0,"pct":86.66},"branches":{"total":2,"covered":1,"skipped":0,"pct":50}}
,"/app/src/contexts/tinybase-context.tsx": {"lines":{"total":138,"covered":125,"skipped":0,"pct":90.57},"functions":{"total":23,"covered":18,"skipped":0,"pct":78.26},"statements":{"total":145,"covered":129,"skipped":0,"pct":88.96},"branches":{"total":75,"covered":58,"skipped":0,"pct":77.33}}
,"/app/src/contexts/tinybase-indexes-context.tsx": {"lines":{"total":41,"covered":41,"skipped":0,"pct":100},"functions":{"total":17,"covered":17,"skipped":0,"pct":100},"statements":{"total":41,"covered":41,"skipped":0,"pct":100},"branches":{"total":14,"covered":12,"skipped":0,"pct":85.71}}
,"/app/src/contexts/tinybase-metrics-context.tsx": {"lines":{"total":34,"covered":34,"skipped":0,"pct":100},"functions":{"total":12,"covered":12,"skipped":0,"pct":100},"statements":{"total":34,"covered":34,"skipped":0,"pct":100},"branches":{"total":14,"covered":14,"skipped":0,"pct":100}}
,"/app/src/contexts/tinybase-room-import-scenarios.harness.tsx": {"lines":{"total":110,"covered":107,"skipped":0,"pct":97.27},"functions":{"total":45,"covered":42,"skipped":0,"pct":93.33},"statements":{"total":118,"covered":115,"skipped":0,"pct":97.45},"branches":{"total":31,"covered":25,"skipped":0,"pct":80.64}}
,"/app/src/data/growth-standards/hcfa-girls-0-5.json": {"lines":{"total":0,"covered":0,"skipped":0,"pct":100},"functions":{"total":0,"covered":0,"skipped":0,"pct":100},"statements":{"total":0,"covered":0,"skipped":0,"pct":100},"branches":{"total":0,"covered":0,"skipped":0,"pct":100}}
,"/app/src/data/growth-standards/lhfa-boys-0-5.json": {"lines":{"total":0,"covered":0,"skipped":0,"pct":100},"functions":{"total":0,"covered":0,"skipped":0,"pct":100},"statements":{"total":0,"covered":0,"skipped":0,"pct":100},"branches":{"total":0,"covered":0,"skipped":0,"pct":100}}
,"/app/src/data/growth-standards/wfa-boys-0-5.json": {"lines":{"total":0,"covered":0,"skipped":0,"pct":100},"functions":{"total":0,"covered":0,"skipped":0,"pct":100},"statements":{"total":0,"covered":0,"skipped":0,"pct":100},"branches":{"total":0,"covered":0,"skipped":0,"pct":100}}
,"/app/src/data/growth-standards/wfa-girls-0-5.json": {"lines":{"total":0,"covered":0,"skipped":0,"pct":100},"functions":{"total":0,"covered":0,"skipped":0,"pct":100},"statements":{"total":0,"covered":0,"skipped":0,"pct":100},"branches":{"total":0,"covered":0,"skipped":0,"pct":100}}
,"/app/src/hooks/create-entity-hooks.ts": {"lines":{"total":21,"covered":21,"skipped":0,"pct":100},"functions":{"total":13,"covered":13,"skipped":0,"pct":100},"statements":{"total":22,"covered":22,"skipped":0,"pct":100},"branches":{"total":10,"covered":8,"skipped":0,"pct":80}}
,"/app/src/hooks/use-currency.ts": {"lines":{"total":5,"covered":5,"skipped":0,"pct":100},"functions":{"total":2,"covered":2,"skipped":0,"pct":100},"statements":{"total":5,"covered":5,"skipped":0,"pct":100},"branches":{"total":2,"covered":2,"skipped":0,"pct":100}}
,"/app/src/hooks/use-dev-mode.ts": {"lines":{"total":5,"covered":5,"skipped":0,"pct":100},"functions":{"total":2,"covered":2,"skipped":0,"pct":100},"statements":{"total":5,"covered":5,"skipped":0,"pct":100},"branches":{"total":2,"covered":2,"skipped":0,"pct":100}}
,"/app/src/hooks/use-diaper-changes.ts": {"lines":{"total":21,"covered":18,"skipped":0,"pct":85.71},"functions":{"total":3,"covered":3,"skipped":0,"pct":100},"statements":{"total":21,"covered":18,"skipped":0,"pct":85.71},"branches":{"total":8,"covered":5,"skipped":0,"pct":62.5}}
,"/app/src/hooks/use-diaper-products.ts": {"lines":{"total":26,"covered":24,"skipped":0,"pct":92.3},"functions":{"total":7,"covered":7,"skipped":0,"pct":100},"statements":{"total":29,"covered":26,"skipped":0,"pct":89.65},"branches":{"total":14,"covered":9,"skipped":0,"pct":64.28}}
,"/app/src/hooks/use-entity-form.ts": {"lines":{"total":1,"covered":1,"skipped":0,"pct":100},"functions":{"total":1,"covered":1,"skipped":0,"pct":100},"statements":{"total":1,"covered":1,"skipped":0,"pct":100},"branches":{"total":0,"covered":0,"skipped":0,"pct":100}}
,"/app/src/hooks/use-events.ts": {"lines":{"total":19,"covered":17,"skipped":0,"pct":89.47},"functions":{"total":7,"covered":7,"skipped":0,"pct":100},"statements":{"total":19,"covered":17,"skipped":0,"pct":89.47},"branches":{"total":2,"covered":1,"skipped":0,"pct":50}}
,"/app/src/hooks/use-feeding-in-progress.ts": {"lines":{"total":22,"covered":19,"skipped":0,"pct":86.36},"functions":{"total":4,"covered":4,"skipped":0,"pct":100},"statements":{"total":22,"covered":19,"skipped":0,"pct":86.36},"branches":{"total":8,"covered":7,"skipped":0,"pct":87.5}}
,"/app/src/hooks/use-feeding-sessions.ts": {"lines":{"total":21,"covered":18,"skipped":0,"pct":85.71},"functions":{"total":3,"covered":3,"skipped":0,"pct":100},"statements":{"total":21,"covered":18,"skipped":0,"pct":85.71},"branches":{"total":8,"covered":5,"skipped":0,"pct":62.5}}
,"/app/src/hooks/use-growth-measurements.ts": {"lines":{"total":11,"covered":9,"skipped":0,"pct":81.81},"functions":{"total":1,"covered":1,"skipped":0,"pct":100},"statements":{"total":11,"covered":9,"skipped":0,"pct":81.81},"branches":{"total":2,"covered":1,"skipped":0,"pct":50}}
,"/app/src/hooks/use-history-range.ts": {"lines":{"total":47,"covered":47,"skipped":0,"pct":100},"functions":{"total":11,"covered":11,"skipped":0,"pct":100},"statements":{"total":52,"covered":52,"skipped":0,"pct":100},"branches":{"total":38,"covered":38,"skipped":0,"pct":100}}
,"/app/src/hooks/use-idle-callback.ts": {"lines":{"total":8,"covered":8,"skipped":0,"pct":100},"functions":{"total":5,"covered":5,"skipped":0,"pct":100},"statements":{"total":9,"covered":9,"skipped":0,"pct":100},"branches":{"total":1,"covered":1,"skipped":0,"pct":100}}
,"/app/src/hooks/use-profile.ts": {"lines":{"total":19,"covered":16,"skipped":0,"pct":84.21},"functions":{"total":4,"covered":4,"skipped":0,"pct":100},"statements":{"total":20,"covered":17,"skipped":0,"pct":85},"branches":{"total":8,"covered":7,"skipped":0,"pct":87.5}}
,"/app/src/hooks/use-show-comparison-charts.ts": {"lines":{"total":10,"covered":10,"skipped":0,"pct":100},"functions":{"total":3,"covered":3,"skipped":0,"pct":100},"statements":{"total":10,"covered":10,"skipped":0,"pct":100},"branches":{"total":2,"covered":2,"skipped":0,"pct":100}}
,"/app/src/hooks/use-show-feeding.ts": {"lines":{"total":6,"covered":6,"skipped":0,"pct":100},"functions":{"total":2,"covered":2,"skipped":0,"pct":100},"statements":{"total":6,"covered":6,"skipped":0,"pct":100},"branches":{"total":2,"covered":2,"skipped":0,"pct":100}}
,"/app/src/hooks/use-teething.ts": {"lines":{"total":11,"covered":9,"skipped":0,"pct":81.81},"functions":{"total":1,"covered":1,"skipped":0,"pct":100},"statements":{"total":11,"covered":9,"skipped":0,"pct":81.81},"branches":{"total":2,"covered":1,"skipped":0,"pct":50}}
,"/app/src/hooks/use-tinybase-indexes.ts": {"lines":{"total":11,"covered":11,"skipped":0,"pct":100},"functions":{"total":3,"covered":3,"skipped":0,"pct":100},"statements":{"total":11,"covered":11,"skipped":0,"pct":100},"branches":{"total":0,"covered":0,"skipped":0,"pct":100}}
,"/app/src/hooks/use-tinybase-metrics.ts": {"lines":{"total":15,"covered":15,"skipped":0,"pct":100},"functions":{"total":2,"covered":2,"skipped":0,"pct":100},"statements":{"total":15,"covered":15,"skipped":0,"pct":100},"branches":{"total":3,"covered":3,"skipped":0,"pct":100}}
,"/app/src/hooks/use-today-diaper-stats.ts": {"lines":{"total":17,"covered":17,"skipped":0,"pct":100},"functions":{"total":2,"covered":2,"skipped":0,"pct":100},"statements":{"total":17,"covered":17,"skipped":0,"pct":100},"branches":{"total":10,"covered":10,"skipped":0,"pct":100}}
,"/app/src/hooks/use-unit-system.ts": {"lines":{"total":2,"covered":2,"skipped":0,"pct":100},"functions":{"total":1,"covered":1,"skipped":0,"pct":100},"statements":{"total":2,"covered":2,"skipped":0,"pct":100},"branches":{"total":2,"covered":2,"skipped":0,"pct":100}}
,"/app/src/i18n/index.ts": {"lines":{"total":25,"covered":24,"skipped":0,"pct":96},"functions":{"total":8,"covered":7,"skipped":0,"pct":87.5},"statements":{"total":27,"covered":25,"skipped":0,"pct":92.59},"branches":{"total":8,"covered":7,"skipped":0,"pct":87.5}}
,"/app/src/lib/idle-callback.ts": {"lines":{"total":7,"covered":7,"skipped":0,"pct":100},"functions":{"total":6,"covered":6,"skipped":0,"pct":100},"statements":{"total":7,"covered":7,"skipped":0,"pct":100},"branches":{"total":8,"covered":8,"skipped":0,"pct":100}}
,"/app/src/lib/logger.ts": {"lines":{"total":11,"covered":11,"skipped":0,"pct":100},"functions":{"total":8,"covered":8,"skipped":0,"pct":100},"statements":{"total":13,"covered":13,"skipped":0,"pct":100},"branches":{"total":0,"covered":0,"skipped":0,"pct":100}}
,"/app/src/lib/partykit-host.ts": {"lines":{"total":23,"covered":20,"skipped":0,"pct":86.95},"functions":{"total":5,"covered":4,"skipped":0,"pct":80},"statements":{"total":23,"covered":20,"skipped":0,"pct":86.95},"branches":{"total":16,"covered":12,"skipped":0,"pct":75}}
,"/app/src/lib/storage.ts": {"lines":{"total":13,"covered":13,"skipped":0,"pct":100},"functions":{"total":4,"covered":4,"skipped":0,"pct":100},"statements":{"total":13,"covered":13,"skipped":0,"pct":100},"branches":{"total":8,"covered":8,"skipped":0,"pct":100}}
,"/app/src/lib/utils.ts": {"lines":{"total":1,"covered":1,"skipped":0,"pct":100},"functions":{"total":1,"covered":1,"skipped":0,"pct":100},"statements":{"total":1,"covered":1,"skipped":0,"pct":100},"branches":{"total":0,"covered":0,"skipped":0,"pct":100}}
,"/app/src/lib/tinybase-sync/cloning.ts": {"lines":{"total":19,"covered":19,"skipped":0,"pct":100},"functions":{"total":1,"covered":1,"skipped":0,"pct":100},"statements":{"total":19,"covered":19,"skipped":0,"pct":100},"branches":{"total":14,"covered":14,"skipped":0,"pct":100}}
,"/app/src/lib/tinybase-sync/constants.ts": {"lines":{"total":10,"covered":10,"skipped":0,"pct":100},"functions":{"total":0,"covered":0,"skipped":0,"pct":100},"statements":{"total":10,"covered":10,"skipped":0,"pct":100},"branches":{"total":0,"covered":0,"skipped":0,"pct":100}}
,"/app/src/lib/tinybase-sync/entity-row-schemas.ts": {"lines":{"total":28,"covered":28,"skipped":0,"pct":100},"functions":{"total":9,"covered":9,"skipped":0,"pct":100},"statements":{"total":28,"covered":28,"skipped":0,"pct":100},"branches":{"total":20,"covered":20,"skipped":0,"pct":100}}
,"/app/src/lib/tinybase-sync/merge.ts": {"lines":{"total":14,"covered":11,"skipped":0,"pct":78.57},"functions":{"total":1,"covered":1,"skipped":0,"pct":100},"statements":{"total":14,"covered":11,"skipped":0,"pct":78.57},"branches":{"total":12,"covered":5,"skipped":0,"pct":41.66}}
,"/app/src/lib/tinybase-sync/migration-utils.ts": {"lines":{"total":8,"covered":8,"skipped":0,"pct":100},"functions":{"total":3,"covered":3,"skipped":0,"pct":100},"statements":{"total":8,"covered":8,"skipped":0,"pct":100},"branches":{"total":5,"covered":5,"skipped":0,"pct":100}}
,"/app/src/lib/tinybase-sync/partykit-parties.ts": {"lines":{"total":2,"covered":2,"skipped":0,"pct":100},"functions":{"total":1,"covered":1,"skipped":0,"pct":100},"statements":{"total":2,"covered":2,"skipped":0,"pct":100},"branches":{"total":0,"covered":0,"skipped":0,"pct":100}}
,"/app/src/lib/tinybase-sync/remote-bootstrap.ts": {"lines":{"total":19,"covered":15,"skipped":0,"pct":78.94},"functions":{"total":2,"covered":2,"skipped":0,"pct":100},"statements":{"total":19,"covered":15,"skipped":0,"pct":78.94},"branches":{"total":18,"covered":13,"skipped":0,"pct":72.22}}
,"/app/src/lib/tinybase-sync/store-utils.ts": {"lines":{"total":9,"covered":7,"skipped":0,"pct":77.77},"functions":{"total":1,"covered":1,"skipped":0,"pct":100},"statements":{"total":9,"covered":7,"skipped":0,"pct":77.77},"branches":{"total":6,"covered":4,"skipped":0,"pct":66.66}}
,"/app/src/migrations/2026-03-01-rename-diaper-abnormalities-to-notes.ts": {"lines":{"total":13,"covered":13,"skipped":0,"pct":100},"functions":{"total":3,"covered":3,"skipped":0,"pct":100},"statements":{"total":13,"covered":13,"skipped":0,"pct":100},"branches":{"total":6,"covered":5,"skipped":0,"pct":83.33}}
,"/app/src/migrations/2026-03-07-normalize-diaper-store-rows.ts": {"lines":{"total":21,"covered":18,"skipped":0,"pct":85.71},"functions":{"total":2,"covered":2,"skipped":0,"pct":100},"statements":{"total":21,"covered":18,"skipped":0,"pct":85.71},"branches":{"total":6,"covered":5,"skipped":0,"pct":83.33}}
,"/app/src/migrations/2026-03-07-normalize-entity-store-rows.ts": {"lines":{"total":18,"covered":14,"skipped":0,"pct":77.77},"functions":{"total":2,"covered":2,"skipped":0,"pct":100},"statements":{"total":18,"covered":14,"skipped":0,"pct":77.77},"branches":{"total":6,"covered":4,"skipped":0,"pct":66.66}}
,"/app/src/migrations/2026-03-07-remove-legacy-json-cells.ts": {"lines":{"total":11,"covered":11,"skipped":0,"pct":100},"functions":{"total":3,"covered":3,"skipped":0,"pct":100},"statements":{"total":11,"covered":11,"skipped":0,"pct":100},"branches":{"total":2,"covered":2,"skipped":0,"pct":100}}
,"/app/src/migrations/2026-03-15-cleanup-junk-data.ts": {"lines":{"total":40,"covered":40,"skipped":0,"pct":100},"functions":{"total":2,"covered":2,"skipped":0,"pct":100},"statements":{"total":40,"covered":40,"skipped":0,"pct":100},"branches":{"total":26,"covered":21,"skipped":0,"pct":80.76}}
,"/app/src/migrations/2026-03-24-rename-event-description-to-notes.ts": {"lines":{"total":13,"covered":13,"skipped":0,"pct":100},"functions":{"total":3,"covered":3,"skipped":0,"pct":100},"statements":{"total":13,"covered":13,"skipped":0,"pct":100},"branches":{"total":6,"covered":6,"skipped":0,"pct":100}}
,"/app/src/migrations/2026-03-25-assign-colors-to-diaper-products.ts": {"lines":{"total":11,"covered":11,"skipped":0,"pct":100},"functions":{"total":3,"covered":3,"skipped":0,"pct":100},"statements":{"total":11,"covered":11,"skipped":0,"pct":100},"branches":{"total":2,"covered":1,"skipped":0,"pct":50}}
,"/app/src/migrations/index.ts": {"lines":{"total":24,"covered":20,"skipped":0,"pct":83.33},"functions":{"total":2,"covered":2,"skipped":0,"pct":100},"statements":{"total":24,"covered":20,"skipped":0,"pct":83.33},"branches":{"total":9,"covered":7,"skipped":0,"pct":77.77}}
,"/app/src/migrations/manifest.ts": {"lines":{"total":1,"covered":1,"skipped":0,"pct":100},"functions":{"total":0,"covered":0,"skipped":0,"pct":100},"statements":{"total":1,"covered":1,"skipped":0,"pct":100},"branches":{"total":0,"covered":0,"skipped":0,"pct":100}}
,"/app/src/migrations/run-if-needed.ts": {"lines":{"total":7,"covered":7,"skipped":0,"pct":100},"functions":{"total":3,"covered":3,"skipped":0,"pct":100},"statements":{"total":7,"covered":7,"skipped":0,"pct":100},"branches":{"total":3,"covered":3,"skipped":0,"pct":100}}
,"/app/src/test-utils/tinybase-test-wrapper.tsx": {"lines":{"total":3,"covered":3,"skipped":0,"pct":100},"functions":{"total":3,"covered":3,"skipped":0,"pct":100},"statements":{"total":4,"covered":4,"skipped":0,"pct":100},"branches":{"total":2,"covered":2,"skipped":0,"pct":100}}
,"/app/src/test-utils/assertions/stats-card.ts": {"lines":{"total":4,"covered":4,"skipped":0,"pct":100},"functions":{"total":3,"covered":3,"skipped":0,"pct":100},"statements":{"total":4,"covered":4,"skipped":0,"pct":100},"branches":{"total":2,"covered":2,"skipped":0,"pct":100}}
,"/app/src/test-utils/factories/diaper-change.ts": {"lines":{"total":4,"covered":4,"skipped":0,"pct":100},"functions":{"total":3,"covered":3,"skipped":0,"pct":100},"statements":{"total":5,"covered":5,"skipped":0,"pct":100},"branches":{"total":1,"covered":1,"skipped":0,"pct":100}}
,"/app/src/test-utils/factories/feeding-session.ts": {"lines":{"total":7,"covered":7,"skipped":0,"pct":100},"functions":{"total":4,"covered":4,"skipped":0,"pct":100},"statements":{"total":8,"covered":8,"skipped":0,"pct":100},"branches":{"total":5,"covered":4,"skipped":0,"pct":80}}
,"/app/src/translations/de_DE.json": {"lines":{"total":1,"covered":1,"skipped":0,"pct":100},"functions":{"total":0,"covered":0,"skipped":0,"pct":100},"statements":{"total":1,"covered":1,"skipped":0,"pct":100},"branches":{"total":0,"covered":0,"skipped":0,"pct":100}}
,"/app/src/translations/en_US.json": {"lines":{"total":1,"covered":1,"skipped":0,"pct":100},"functions":{"total":0,"covered":0,"skipped":0,"pct":100},"statements":{"total":1,"covered":1,"skipped":0,"pct":100},"branches":{"total":0,"covered":0,"skipped":0,"pct":100}}
,"/app/src/utils/date-to-date-input-value.ts": {"lines":{"total":3,"covered":3,"skipped":0,"pct":100},"functions":{"total":1,"covered":1,"skipped":0,"pct":100},"statements":{"total":3,"covered":3,"skipped":0,"pct":100},"branches":{"total":2,"covered":2,"skipped":0,"pct":100}}
,"/app/src/utils/date-to-time-input-value.ts": {"lines":{"total":3,"covered":3,"skipped":0,"pct":100},"functions":{"total":1,"covered":1,"skipped":0,"pct":100},"statements":{"total":3,"covered":3,"skipped":0,"pct":100},"branches":{"total":2,"covered":2,"skipped":0,"pct":100}}
,"/app/src/utils/device-id.ts": {"lines":{"total":8,"covered":8,"skipped":0,"pct":100},"functions":{"total":1,"covered":1,"skipped":0,"pct":100},"statements":{"total":8,"covered":8,"skipped":0,"pct":100},"branches":{"total":8,"covered":7,"skipped":0,"pct":87.5}}
,"/app/src/utils/format-duration-abbreviated.ts": {"lines":{"total":11,"covered":11,"skipped":0,"pct":100},"functions":{"total":1,"covered":1,"skipped":0,"pct":100},"statements":{"total":11,"covered":11,"skipped":0,"pct":100},"branches":{"total":8,"covered":8,"skipped":0,"pct":100}}
,"/app/src/utils/format-duration-short.ts": {"lines":{"total":6,"covered":6,"skipped":0,"pct":100},"functions":{"total":1,"covered":1,"skipped":0,"pct":100},"statements":{"total":6,"covered":6,"skipped":0,"pct":100},"branches":{"total":6,"covered":5,"skipped":0,"pct":83.33}}
,"/app/src/utils/format-history-date.ts": {"lines":{"total":21,"covered":21,"skipped":0,"pct":100},"functions":{"total":3,"covered":3,"skipped":0,"pct":100},"statements":{"total":21,"covered":21,"skipped":0,"pct":100},"branches":{"total":15,"covered":15,"skipped":0,"pct":100}}
,"/app/src/utils/get-range-dates.ts": {"lines":{"total":12,"covered":12,"skipped":0,"pct":100},"functions":{"total":1,"covered":1,"skipped":0,"pct":100},"statements":{"total":12,"covered":12,"skipped":0,"pct":100},"branches":{"total":6,"covered":6,"skipped":0,"pct":100}}
,"/app/src/utils/growth-standards.ts": {"lines":{"total":81,"covered":72,"skipped":0,"pct":88.88},"functions":{"total":9,"covered":9,"skipped":0,"pct":100},"statements":{"total":91,"covered":76,"skipped":0,"pct":83.51},"branches":{"total":47,"covered":33,"skipped":0,"pct":70.21}}
,"/app/src/utils/room-name.ts": {"lines":{"total":4,"covered":4,"skipped":0,"pct":100},"functions":{"total":1,"covered":1,"skipped":0,"pct":100},"statements":{"total":4,"covered":4,"skipped":0,"pct":100},"branches":{"total":0,"covered":0,"skipped":0,"pct":100}}
,"/app/src/utils/unit-conversions.ts": {"lines":{"total":14,"covered":14,"skipped":0,"pct":100},"functions":{"total":8,"covered":8,"skipped":0,"pct":100},"statements":{"total":14,"covered":14,"skipped":0,"pct":100},"branches":{"total":0,"covered":0,"skipped":0,"pct":100}}
,"/app/src/utils/data-transfer/csv.ts": {"lines":{"total":46,"covered":44,"skipped":0,"pct":95.65},"functions":{"total":7,"covered":7,"skipped":0,"pct":100},"statements":{"total":46,"covered":44,"skipped":0,"pct":95.65},"branches":{"total":28,"covered":23,"skipped":0,"pct":82.14}}
}
